# JRE version: OpenJDK Runtime Environment Temurin-17.0.7+7 (17.0.7+7) (build 17.0.7+7)
# Java VM: OpenJDK 64-Bit Server VM Temurin-17.0.7+7 (17.0.7+7, mixed mode, emulated-client, tiered, compressed oops, compressed class ptrs, g1 gc, windows-amd64)
GC Precious Log:
 CPUs: 8 total, 8 available
 Memory: 16305M
 Large Page Support: Disabled
 NUMA Support: Disabled
 Compressed Oops: Enabled (32-bit)
 Heap Region Size: 1M
 Heap Min Capacity: 8M
 Heap Initial Capacity: 256M
 Heap Max Capacity: 1G
 Pre-touch: Disabled
 Parallel Workers: 8
 Concurrent Workers: 2
 Concurrent Refinement Workers: 8
 Periodic GC: Disabled
Heap:
 garbage-first heap   total 413696K, used 121544K [0x00000000c0000000, 0x0000000100000000)
  region size 1024K, 0 young (0K), 0 survivors (0K)
 Metaspace       used 79269K, committed 79808K, reserved 1179648K
  class space    used 10456K, committed 10688K, reserved 1048576K
GC Heap History (20 events):
Event: 4933.543 GC heap after
{Heap after GC invocations=877 (full 252):
 garbage-first heap   total 419840K, used 123232K [0x00000000c0000000, 0x0000000100000000)
  region size 1024K, 0 young (0K), 0 survivors (0K)
 Metaspace       used 79271K, committed 79808K, reserved 1179648K
  class space    used 10456K, committed 10688K, reserved 1048576K
}
Event: 4943.614 GC heap before
{Heap before GC invocations=877 (full 252):
 garbage-first heap   total 419840K, used 123232K [0x00000000c0000000, 0x0000000100000000)
  region size 1024K, 1 young (1024K), 0 survivors (0K)
 Metaspace       used 79271K, committed 79808K, reserved 1179648K
  class space    used 10456K, committed 10688K, reserved 1048576K
}
Event: 4943.658 GC heap after
{Heap after GC invocations=878 (full 253):
 garbage-first heap   total 419840K, used 123232K [0x00000000c0000000, 0x0000000100000000)
  region size 1024K, 0 young (0K), 0 survivors (0K)
 Metaspace       used 79271K, committed 79808K, reserved 1179648K
  class space    used 10456K, committed 10688K, reserved 1048576K
}
Event: 4953.751 GC heap before
{Heap before GC invocations=878 (full 253):
 garbage-first heap   total 419840K, used 123232K [0x00000000c0000000, 0x0000000100000000)
  region size 1024K, 1 young (1024K), 0 survivors (0K)
 Metaspace       used 79271K, committed 79808K, reserved 1179648K
  class space    used 10456K, committed 10688K, reserved 1048576K
}
Event: 4953.796 GC heap after
{Heap after GC invocations=879 (full 254):
 garbage-first heap   total 419840K, used 123232K [0x00000000c0000000, 0x0000000100000000)
  region size 1024K, 0 young (0K), 0 survivors (0K)
 Metaspace       used 79271K, committed 79808K, reserved 1179648K
  class space    used 10456K, committed 10688K, reserved 1048576K
}
Event: 4963.884 GC heap before
{Heap before GC invocations=879 (full 254):
 garbage-first heap   total 419840K, used 123232K [0x00000000c0000000, 0x0000000100000000)
  region size 1024K, 1 young (1024K), 0 survivors (0K)
 Metaspace       used 79271K, committed 79808K, reserved 1179648K
  class space    used 10456K, committed 10688K, reserved 1048576K
}
Event: 4963.930 GC heap after
{Heap after GC invocations=880 (full 255):
 garbage-first heap   total 419840K, used 123232K [0x00000000c0000000, 0x0000000100000000)
  region size 1024K, 0 young (0K), 0 survivors (0K)
 Metaspace       used 79271K, committed 79808K, reserved 1179648K
  class space    used 10456K, committed 10688K, reserved 1048576K
}
Event: 4973.994 GC heap before
{Heap before GC invocations=880 (full 255):
 garbage-first heap   total 419840K, used 123232K [0x00000000c0000000, 0x0000000100000000)
  region size 1024K, 1 young (1024K), 0 survivors (0K)
 Metaspace       used 79271K, committed 79808K, reserved 1179648K
  class space    used 10456K, committed 10688K, reserved 1048576K
}
Event: 4974.037 GC heap after
{Heap after GC invocations=881 (full 256):
 garbage-first heap   total 419840K, used 123233K [0x00000000c0000000, 0x0000000100000000)
  region size 1024K, 0 young (0K), 0 survivors (0K)
 Metaspace       used 79271K, committed 79808K, reserved 1179648K
  class space    used 10456K, committed 10688K, reserved 1048576K
}
Event: 4984.116 GC heap before
{Heap before GC invocations=881 (full 256):
 garbage-first heap   total 419840K, used 123233K [0x00000000c0000000, 0x0000000100000000)
  region size 1024K, 1 young (1024K), 0 survivors (0K)
 Metaspace       used 79271K, committed 79808K, reserved 1179648K
  class space    used 10456K, committed 10688K, reserved 1048576K
}
Event: 4984.162 GC heap after
{Heap after GC invocations=882 (full 257):
 garbage-first heap   total 416768K, used 122752K [0x00000000c0000000, 0x0000000100000000)
  region size 1024K, 0 young (0K), 0 survivors (0K)
 Metaspace       used 79271K, committed 79808K, reserved 1179648K
  class space    used 10456K, committed 10688K, reserved 1048576K
}
Event: 4994.232 GC heap before
{Heap before GC invocations=882 (full 257):
 garbage-first heap   total 416768K, used 122752K [0x00000000c0000000, 0x0000000100000000)
  region size 1024K, 1 young (1024K), 0 survivors (0K)
 Metaspace       used 79271K, committed 79808K, reserved 1179648K
  class space    used 10456K, committed 10688K, reserved 1048576K
}
Event: 4994.282 GC heap after
{Heap after GC invocations=883 (full 258):
 garbage-first heap   total 413696K, used 122175K [0x00000000c0000000, 0x0000000100000000)
  region size 1024K, 0 young (0K), 0 survivors (0K)
 Metaspace       used 79269K, committed 79808K, reserved 1179648K
  class space    used 10456K, committed 10688K, reserved 1048576K
}
Event: 5004.358 GC heap before
{Heap before GC invocations=883 (full 258):
 garbage-first heap   total 413696K, used 122175K [0x00000000c0000000, 0x0000000100000000)
  region size 1024K, 1 young (1024K), 0 survivors (0K)
 Metaspace       used 79269K, committed 79808K, reserved 1179648K
  class space    used 10456K, committed 10688K, reserved 1048576K
}
Event: 5004.405 GC heap after
{Heap after GC invocations=884 (full 259):
 garbage-first heap   total 413696K, used 121544K [0x00000000c0000000, 0x0000000100000000)
  region size 1024K, 0 young (0K), 0 survivors (0K)
 Metaspace       used 79269K, committed 79808K, reserved 1179648K
  class space    used 10456K, committed 10688K, reserved 1048576K
}
Event: 5014.473 GC heap before
{Heap before GC invocations=884 (full 259):
 garbage-first heap   total 413696K, used 121544K [0x00000000c0000000, 0x0000000100000000)
  region size 1024K, 1 young (1024K), 0 survivors (0K)
 Metaspace       used 79269K, committed 79808K, reserved 1179648K
  class space    used 10456K, committed 10688K, reserved 1048576K
}
Event: 5014.518 GC heap after
{Heap after GC invocations=885 (full 260):
 garbage-first heap   total 413696K, used 121544K [0x00000000c0000000, 0x0000000100000000)
  region size 1024K, 0 young (0K), 0 survivors (0K)
 Metaspace       used 79269K, committed 79808K, reserved 1179648K
  class space    used 10456K, committed 10688K, reserved 1048576K
}
Event: 5024.595 GC heap before
{Heap before GC invocations=885 (full 260):
 garbage-first heap   total 413696K, used 121544K [0x00000000c0000000, 0x0000000100000000)
  region size 1024K, 1 young (1024K), 0 survivors (0K)
 Metaspace       used 79269K, committed 79808K, reserved 1179648K
  class space    used 10456K, committed 10688K, reserved 1048576K
}
Event: 5024.638 GC heap after
{Heap after GC invocations=886 (full 261):
 garbage-first heap   total 413696K, used 121544K [0x00000000c0000000, 0x0000000100000000)
  region size 1024K, 0 young (0K), 0 survivors (0K)
 Metaspace       used 79269K, committed 79808K, reserved 1179648K
  class space    used 10456K, committed 10688K, reserved 1048576K
}
Event: 5034.708 GC heap before
{Heap before GC invocations=886 (full 261):
 garbage-first heap   total 413696K, used 121544K [0x00000000c0000000, 0x0000000100000000)
  region size 1024K, 1 young (1024K), 0 survivors (0K)
 Metaspace       used 79269K, committed 79808K, reserved 1179648K
  class space    used 10456K, committed 10688K, reserved 1048576K
}

